<?xml version="1.0" encoding="utf-8"?>
<testsuites>
<testsuite package="org.eslint" time="0" tests="1" errors="0" name="/home/eduruiz/code/omlpi-www/source/scripts/config.js">
<testcase time="0" name="/home/eduruiz/code/omlpi-www/source/scripts/config.js" />
</testsuite>
<testsuite package="org.eslint" time="0" tests="1" errors="0" name="/home/eduruiz/code/omlpi-www/source/scripts/index.js">
<testcase time="0" name="/home/eduruiz/code/omlpi-www/source/scripts/index.js" />
</testsuite>
<testsuite package="org.eslint" time="0" tests="1" errors="0" name="/home/eduruiz/code/omlpi-www/source/scripts/populateData--vanilla.js">
<testcase time="0" name="/home/eduruiz/code/omlpi-www/source/scripts/populateData--vanilla.js" />
</testsuite>
<testsuite package="org.eslint" time="0" tests="1" errors="0" name="/home/eduruiz/code/omlpi-www/source/scripts/populateData.js">
<testcase time="0" name="/home/eduruiz/code/omlpi-www/source/scripts/populateData.js" />
</testsuite>
<testsuite package="org.eslint" time="0" tests="1" errors="0" name="/home/eduruiz/code/omlpi-www/source/scripts/search.js">
<testcase time="0" name="/home/eduruiz/code/omlpi-www/source/scripts/search.js" />
</testsuite>
</testsuites>
